<?xml version="1.0" encoding="UTF-8"?>
<!-- Generated by org.testng.reporters.JUnitXMLReporter -->
<testsuite hostname="PROTOZOEA" ignored="0" name="RegressionTest" tests="1" failures="0" timestamp="22 May 2018 18:04:22 GMT" time="0.249" errors="0">
  <testcase name="@BeforeTest loadUP" time="0.0" classname="Banking.testbase">
    <failure type="java.lang.IllegalStateException" message="The driver executable does not exist: C:\Users\Sourav\workspace\eclipse-workspace\DebitCard\&amp;quot;C:\Users\Sourav\Downloads\chromedriver.exe&amp;quot;">
      <![CDATA[java.lang.IllegalStateException: The driver executable does not exist: C:\Users\Sourav\workspace\eclipse-workspace\DebitCard\"C:\Users\Sourav\Downloads\chromedriver.exe"
	at com.google.common.base.Preconditions.checkState(Preconditions.java:585)
	at org.openqa.selenium.remote.service.DriverService.checkExecutable(DriverService.java:136)
	at org.openqa.selenium.remote.service.DriverService.findExecutable(DriverService.java:131)
	at org.openqa.selenium.chrome.ChromeDriverService.access$000(ChromeDriverService.java:33)
	at org.openqa.selenium.chrome.ChromeDriverService$Builder.findDefaultExecutable(ChromeDriverService.java:139)
	at org.openqa.selenium.remote.service.DriverService$Builder.build(DriverService.java:335)
	at org.openqa.selenium.chrome.ChromeDriverService.createDefaultService(ChromeDriverService.java:89)
	at org.openqa.selenium.chrome.ChromeDriver.<init>(ChromeDriver.java:123)
	at Banking.testbase.loadUP(testbase.java:27)
... Removed 23 stack frames]]>
    </failure>
  </testcase> <!-- @BeforeTest loadUP -->
  <testcase name="@AfterTest tearDOWN" time="0.0" classname="Banking.testbase">
    <skipped/>
  </testcase> <!-- @AfterTest tearDOWN -->
  <testcase name="loginappcheck" time="0.004" classname="Banking.DebitCard.sampletest">
    <skipped/>
  </testcase> <!-- loginappcheck -->
</testsuite> <!-- RegressionTest -->
